{"C:\\Users\\ruanf\\my_projects\\estudos-testes-automatizados-2\\database\\baseClient.js": {"path":"C:\\Users\\ruanf\\my_projects\\estudos-testes-automatizados-2\\database\\baseClient.js","all":false,"statementMap":{"0":{"start":{"line":1,"column":0},"end":{"line":1,"column":19}},"1":{"start":{"line":2,"column":0},"end":{"line":2,"column":13}},"2":{"start":{"line":3,"column":0},"end":{"line":3,"column":28}},"3":{"start":{"line":4,"column":0},"end":{"line":4,"column":20}},"4":{"start":{"line":5,"column":0},"end":{"line":5,"column":5}},"5":{"start":{"line":6,"column":0},"end":{"line":6,"column":1}}},"s":{"0":1,"1":1,"2":1,"3":1,"4":1,"5":1},"branchMap":{},"b":{},"fnMap":{},"f":{}}
,"C:\\Users\\ruanf\\my_projects\\estudos-testes-automatizados-2\\src\\entities\\client.js": {"path":"C:\\Users\\ruanf\\my_projects\\estudos-testes-automatizados-2\\src\\entities\\client.js","all":false,"statementMap":{"0":{"start":{"line":1,"column":0},"end":{"line":1,"column":54}},"1":{"start":{"line":2,"column":0},"end":{"line":2,"column":26}},"2":{"start":{"line":3,"column":0},"end":{"line":3,"column":26}},"3":{"start":{"line":4,"column":0},"end":{"line":4,"column":80}},"4":{"start":{"line":5,"column":0},"end":{"line":5,"column":5}},"5":{"start":{"line":6,"column":0},"end":{"line":6,"column":3}}},"s":{"0":1,"1":1,"2":1,"3":1,"4":1,"5":1},"branchMap":{"0":{"type":"branch","line":3,"loc":{"start":{"line":3,"column":4},"end":{"line":5,"column":5}},"locations":[{"start":{"line":3,"column":4},"end":{"line":5,"column":5}}]},"1":{"type":"branch","line":4,"loc":{"start":{"line":4,"column":13},"end":{"line":4,"column":80}},"locations":[{"start":{"line":4,"column":13},"end":{"line":4,"column":80}}]}},"b":{"0":[1],"1":[0]},"fnMap":{"0":{"name":"checkClientByCpf","decl":{"start":{"line":3,"column":4},"end":{"line":5,"column":5}},"loc":{"start":{"line":3,"column":4},"end":{"line":5,"column":5}},"line":3}},"f":{"0":1}}
}
